<?xml version="1.0" encoding="UTF-8"?>
<!-- Generated by org.testng.reporters.JUnitReportReporter -->
<testsuite hostname="LAPTOP-9MJU3PDQ" failures="0" tests="1" name="PracticeMaven.Mavenjava.PracticeTest" time="0.008" errors="0" timestamp="2021-11-21T21:21:33 IST" skipped="0">
  <testcase classname="PracticeMaven.Mavenjava.PracticeTest" name="mathod1" time="0.008"/>
  <system-out/>
</testsuite> <!-- PracticeMaven.Mavenjava.PracticeTest -->
