<?xml version="1.0" encoding="UTF-8"?>
<!-- Generated by org.testng.reporters.JUnitReportReporter -->
<testsuite hostname="LAPTOP-9MJU3PDQ" failures="0" tests="1" name="PracticeMaven.Mavenjava.Practice2Test" time="0.001" errors="0" timestamp="2021-11-21T21:21:21 IST" skipped="0">
  <testcase classname="PracticeMaven.Mavenjava.Practice2Test" name="Method2" time="0.001"/>
  <system-out/>
</testsuite> <!-- PracticeMaven.Mavenjava.Practice2Test -->
